This is pdfTeX, Version 3.14159265-2.6-1.40.21 (TeX Live 2020) (preloaded format=pdflatex 2020.11.2)  15 FEB 2021 08:20
entering extended mode
 restricted \write18 enabled.
 %&-line parsing enabled.
**SEMINAR4.tex
(./SEMINAR4.tex
LaTeX2e <2020-02-02> patch level 5
L3 programming layer <2020-03-06>
(/usr/local/texlive/2020/texmf-dist/tex/latex/base/article.cls
Document Class: article 2019/12/20 v1.4l Standard LaTeX document class
(/usr/local/texlive/2020/texmf-dist/tex/latex/base/size12.clo
File: size12.clo 2019/12/20 v1.4l Standard LaTeX file (size option)
)
\c@part=\count167
\c@section=\count168
\c@subsection=\count169
\c@subsubsection=\count170
\c@paragraph=\count171
\c@subparagraph=\count172
\c@figure=\count173
\c@table=\count174
\abovecaptionskip=\skip47
\belowcaptionskip=\skip48
\bibindent=\dimen134
)
(/usr/local/texlive/2020/texmf-dist/tex/latex/graphics/graphicx.sty
Package: graphicx 2019/11/30 v1.2a Enhanced LaTeX Graphics (DPC,SPQR)

(/usr/local/texlive/2020/texmf-dist/tex/latex/graphics/keyval.sty
Package: keyval 2014/10/28 v1.15 key=value parser (DPC)
\KV@toks@=\toks15
)
(/usr/local/texlive/2020/texmf-dist/tex/latex/graphics/graphics.sty
Package: graphics 2019/11/30 v1.4a Standard LaTeX Graphics (DPC,SPQR)

(/usr/local/texlive/2020/texmf-dist/tex/latex/graphics/trig.sty
Package: trig 2016/01/03 v1.10 sin cos tan (DPC)
)
(/usr/local/texlive/2020/texmf-dist/tex/latex/graphics-cfg/graphics.cfg
File: graphics.cfg 2016/06/04 v1.11 sample graphics configuration
)
Package graphics Info: Driver file: pdftex.def on input line 105.

(/usr/local/texlive/2020/texmf-dist/tex/latex/graphics-def/pdftex.def
File: pdftex.def 2018/01/08 v1.0l Graphics/color driver for pdftex
))
\Gin@req@height=\dimen135
\Gin@req@width=\dimen136
)
(/usr/local/texlive/2020/texmf-dist/tex/latex/graphics/color.sty
Package: color 2019/11/23 v1.2a Standard LaTeX Color (DPC)

(/usr/local/texlive/2020/texmf-dist/tex/latex/graphics-cfg/color.cfg
File: color.cfg 2016/01/02 v1.6 sample color configuration
)
Package color Info: Driver file: pdftex.def on input line 147.
)
(/usr/local/texlive/2020/texmf-dist/tex/latex/framed/framed.sty
Package: framed 2011/10/22 v 0.96: framed or shaded text with page breaks
\OuterFrameSep=\skip49
\fb@frw=\dimen137
\fb@frh=\dimen138
\FrameRule=\dimen139
\FrameSep=\dimen140
)
(/usr/local/texlive/2020/texmf-dist/tex/latex/base/alltt.sty
Package: alltt 1997/06/16 v2.0g defines alltt environment
)
(/usr/local/texlive/2020/texmf-dist/tex/latex/geometry/geometry.sty
Package: geometry 2020/01/02 v5.9 Page Geometry

(/usr/local/texlive/2020/texmf-dist/tex/generic/iftex/ifvtex.sty
Package: ifvtex 2019/10/25 v1.7 ifvtex legacy package. Use iftex instead.

(/usr/local/texlive/2020/texmf-dist/tex/generic/iftex/iftex.sty
Package: iftex 2020/03/06 v1.0d TeX engine tests
))
\Gm@cnth=\count175
\Gm@cntv=\count176
\c@Gm@tempcnt=\count177
\Gm@bindingoffset=\dimen141
\Gm@wd@mp=\dimen142
\Gm@odd@mp=\dimen143
\Gm@even@mp=\dimen144
\Gm@layoutwidth=\dimen145
\Gm@layoutheight=\dimen146
\Gm@layouthoffset=\dimen147
\Gm@layoutvoffset=\dimen148
\Gm@dimlist=\toks16
)
(/usr/local/texlive/2020/texmf-dist/tex/latex/upquote/upquote.sty
Package: upquote 2012/04/19 v1.3 upright-quote and grave-accent glyphs in verba
tim
)
(/usr/local/texlive/2020/texmf-dist/tex/latex/l3backend/l3backend-pdfmode.def
File: l3backend-pdfmode.def 2020-03-12 L3 backend support: PDF mode
\l__kernel_color_stack_int=\count178
\l__pdf_internal_box=\box45
)
(./SEMINAR4.aux)
\openout1 = `SEMINAR4.aux'.

LaTeX Font Info:    Checking defaults for OML/cmm/m/it on input line 60.
LaTeX Font Info:    ... okay on input line 60.
LaTeX Font Info:    Checking defaults for OMS/cmsy/m/n on input line 60.
LaTeX Font Info:    ... okay on input line 60.
LaTeX Font Info:    Checking defaults for OT1/cmr/m/n on input line 60.
LaTeX Font Info:    ... okay on input line 60.
LaTeX Font Info:    Checking defaults for T1/cmr/m/n on input line 60.
LaTeX Font Info:    ... okay on input line 60.
LaTeX Font Info:    Checking defaults for TS1/cmr/m/n on input line 60.
LaTeX Font Info:    ... okay on input line 60.
LaTeX Font Info:    Checking defaults for OMX/cmex/m/n on input line 60.
LaTeX Font Info:    ... okay on input line 60.
LaTeX Font Info:    Checking defaults for U/cmr/m/n on input line 60.
LaTeX Font Info:    ... okay on input line 60.

(/usr/local/texlive/2020/texmf-dist/tex/context/base/mkii/supp-pdf.mkii
[Loading MPS to PDF converter (version 2006.09.02).]
\scratchcounter=\count179
\scratchdimen=\dimen149
\scratchbox=\box46
\nofMPsegments=\count180
\nofMParguments=\count181
\everyMPshowfont=\toks17
\MPscratchCnt=\count182
\MPscratchDim=\dimen150
\MPnumerator=\count183
\makeMPintoPDFobject=\count184
\everyMPtoPDFconversion=\toks18
) (/usr/local/texlive/2020/texmf-dist/tex/latex/epstopdf-pkg/epstopdf-base.sty
Package: epstopdf-base 2020-01-24 v2.11 Base part for package epstopdf
Package epstopdf-base Info: Redefining graphics rule for `.eps' on input line 4
85.

(/usr/local/texlive/2020/texmf-dist/tex/latex/latexconfig/epstopdf-sys.cfg
File: epstopdf-sys.cfg 2010/07/13 v1.3 Configuration of (r)epstopdf for TeX Liv
e
))
*geometry* driver: auto-detecting
*geometry* detected driver: pdftex
*geometry* verbose mode - [ preamble ] result:
* driver: pdftex
* paper: a4paper
* layout: <same size as paper>
* layoutoffset:(h,v)=(0.0pt,0.0pt)
* modes: 
* h-part:(L,W,R)=(89.62709pt, 418.25368pt, 89.6271pt)
* v-part:(T,H,B)=(74.01874pt, 660.0pt, 111.0281pt)
* \paperwidth=597.50787pt
* \paperheight=845.04684pt
* \textwidth=418.25368pt
* \textheight=660.0pt
* \oddsidemargin=17.3571pt
* \evensidemargin=17.3571pt
* \topmargin=-35.25125pt
* \headheight=12.0pt
* \headsep=25.0pt
* \topskip=12.0pt
* \footskip=30.0pt
* \marginparwidth=250.0pt
* \marginparsep=10.0pt
* \columnsep=10.0pt
* \skip\footins=10.8pt plus 4.0pt minus 2.0pt
* \hoffset=0.0pt
* \voffset=0.0pt
* \mag=1000
* \@twocolumnfalse
* \@twosidefalse
* \@mparswitchfalse
* \@reversemarginfalse
* (1in=72.27pt=25.4mm, 1cm=28.453pt)

LaTeX Font Info:    External font `cmex10' loaded for size
(Font)              <14.4> on input line 62.
LaTeX Font Info:    External font `cmex10' loaded for size
(Font)              <7> on input line 62.

LaTeX Warning: No \author given.

Package color Info: Redefining color shadecolor on input line 69.
LaTeX Font Info:    Font shape `OT1/cmtt/bx/n' in size <12> not available
(Font)              Font shape `OT1/cmtt/m/n' tried instead on input line 71.

Overfull \hbox (247.14633pt too wide) in paragraph at lines 71--71
[]  []\OT1/cmtt/m/n/12 data[] []<-[] []read.csv[][]([][]"https://raw.githubuser
content.com/louisabo/STV4020A/master/SEMINAR3/internett.csv"[][])[][] 
 []

Package color Info: Redefining color shadecolor on input line 94.
[1

{/usr/local/texlive/2020/texmf-var/fonts/map/pdftex/updmap/pdftex.map}]
Package color Info: Redefining color shadecolor on input line 114.
LaTeX Font Info:    Font shape `OT1/cmtt/bx/n' in size <10> not available
(Font)              Font shape `OT1/cmtt/m/n' tried instead on input line 116.

Overfull \hbox (43.35338pt too wide) in paragraph at lines 116--116
[][]\OT1/cmtt/m/n/10 sum[][]([][]is.na[][](data))[] []\OT1/cmtt/m/it/10 # Telle
r total missing i data. Kan v^^Zre flere missing p^^Wa en rad. [][] 
 []


Overfull \hbox (27.60352pt too wide) in paragraph at lines 122--122
[][]\OT1/cmtt/m/n/10 sum[][]([][]is.na[][](data[][]$[][]internettbruk))[] []\OT
1/cmtt/m/it/10 # Viser hvor mange missing det er p^^Wa en variabel[][] 
 []

Package color Info: Redefining color shadecolor on input line 132.
[2]
Package color Info: Redefining color shadecolor on input line 160.
Package color Info: Redefining color shadecolor on input line 175.
Package color Info: Redefining color shadecolor on input line 206.
Package color Info: Redefining color shadecolor on input line 223.
 [3]
Package color Info: Redefining color shadecolor on input line 239.
Package color Info: Redefining color shadecolor on input line 256.
Package color Info: Redefining color shadecolor on input line 274.

Overfull \hbox (15.3675pt too wide) in paragraph at lines 304--304
[]\OT1/cmtt/m/n/10 ## Error in contrib.url(repos, "source"): trying to use CRAN
 without setting
 []

[4] [5]
Package color Info: Redefining color shadecolor on input line 344.
Package color Info: Redefining color shadecolor on input line 370.
Package color Info: Redefining color shadecolor on input line 386.
Package color Info: Redefining color shadecolor on input line 406.
 [6]
<figure/unnamed-chunk-10-1.pdf, id=27, 505.89pt x 505.89pt>
File: figure/unnamed-chunk-10-1.pdf Graphic file (type pdf)
<use figure/unnamed-chunk-10-1.pdf>
Package pdftex.def Info: figure/unnamed-chunk-10-1.pdf  used on input line 412.

(pdftex.def)             Requested size: 388.87898pt x 388.88808pt.
<figure/unnamed-chunk-10-2.pdf, id=28, 505.89pt x 505.89pt>
File: figure/unnamed-chunk-10-2.pdf Graphic file (type pdf)
<use figure/unnamed-chunk-10-2.pdf>
Package pdftex.def Info: figure/unnamed-chunk-10-2.pdf  used on input line 418.

(pdftex.def)             Requested size: 388.87898pt x 388.88808pt.
 [7 <./figure/unnamed-chunk-10-1.pdf>]
Package color Info: Redefining color shadecolor on input line 428.

Overfull \hbox (6.6037pt too wide) in paragraph at lines 430--430
[]  []\OT1/cmtt/m/n/10 summary[][](data[][]$[][]alder)[] []\OT1/cmtt/m/it/10 # 
Min er 16 ^^War, og maks er 90 ^^War. Lager s^^Wa kategorier[][] 
 []

[8 <./figure/unnamed-chunk-10-2.pdf>]
Package color Info: Redefining color shadecolor on input line 457.
<figure/unnamed-chunk-12-1.pdf, id=46, 505.89pt x 505.89pt>
File: figure/unnamed-chunk-12-1.pdf Graphic file (type pdf)
<use figure/unnamed-chunk-12-1.pdf>
Package pdftex.def Info: figure/unnamed-chunk-12-1.pdf  used on input line 463.

(pdftex.def)             Requested size: 388.87898pt x 388.88808pt.

Overfull \hbox (25.8674pt too wide) in paragraph at lines 480--480
[]\OT1/cmtt/m/n/10 ## Warning in plot.histogram(r, freq = freq1, col = col, bor
der = border, angle
 []

[9 <./figure/unnamed-chunk-12-1.pdf>]
<figure/unnamed-chunk-12-2.pdf, id=56, 505.89pt x 505.89pt>
File: figure/unnamed-chunk-12-2.pdf Graphic file (type pdf)
<use figure/unnamed-chunk-12-2.pdf>
Package pdftex.def Info: figure/unnamed-chunk-12-2.pdf  used on input line 481.

(pdftex.def)             Requested size: 388.87898pt x 388.88808pt.
Package color Info: Redefining color shadecolor on input line 488.

Overfull \hbox (15.3675pt too wide) in paragraph at lines 494--494
[]\OT1/cmtt/m/n/10 ## Error in contrib.url(repos, "source"): trying to use CRAN
 without setting
 []

[10 <./figure/unnamed-chunk-12-2.pdf>]
Package color Info: Redefining color shadecolor on input line 525.

Overfull \hbox (6.6037pt too wide) in paragraph at lines 540--540
[][]\OT1/cmtt/m/it/10 # Tolk tabellen. Er det noen forskjell p^^Wa hvor ofte me
nn og kvinner bruker [][] 
 []

Package color Info: Redefining color shadecolor on input line 549.

Overfull \hbox (1.35374pt too wide) in paragraph at lines 563--563
[][]\OT1/cmtt/m/it/10 # margin = 1 brukes for ^^Wa regne ut fordelingen per lin
je, feks hvor mange [][] 
 []

[11]
Package color Info: Redefining color shadecolor on input line 572.
Package color Info: Redefining color shadecolor on input line 592.
<figure/unnamed-chunk-17-1.pdf, id=69, 505.89pt x 505.89pt>
File: figure/unnamed-chunk-17-1.pdf Graphic file (type pdf)
<use figure/unnamed-chunk-17-1.pdf>
Package pdftex.def Info: figure/unnamed-chunk-17-1.pdf  used on input line 604.

(pdftex.def)             Requested size: 388.87898pt x 388.88808pt.
 [12]
Package color Info: Redefining color shadecolor on input line 613.
 [13 <./figure/unnamed-chunk-17-1.pdf>]
Package color Info: Redefining color shadecolor on input line 633.

Overfull \hbox (15.3675pt too wide) in paragraph at lines 645--645
[]\OT1/cmtt/m/n/10 ##               internettbruk       kjonn       alder  utda
nning      tillit[] 
 []


Overfull \hbox (15.3675pt too wide) in paragraph at lines 645--645
[]\OT1/cmtt/m/n/10 ## internettbruk     1.0000000 -0.10206670 -0.64360948  0.55
83489  0.15587219[] 
 []


Overfull \hbox (15.3675pt too wide) in paragraph at lines 645--645
[]\OT1/cmtt/m/n/10 ## kjonn            -0.1020667  1.00000000  0.06688781 -0.05
28283 -0.04115814[] 
 []


Overfull \hbox (15.3675pt too wide) in paragraph at lines 645--645
[]\OT1/cmtt/m/n/10 ## alder            -0.6436095  0.06688781  1.00000000 -0.40
90912 -0.09849861[] 
 []


Overfull \hbox (15.3675pt too wide) in paragraph at lines 645--645
[]\OT1/cmtt/m/n/10 ## utdanning         0.5583489 -0.05282830 -0.40909116  1.00
00000  0.13911901[] 
 []


Overfull \hbox (15.3675pt too wide) in paragraph at lines 645--645
[]\OT1/cmtt/m/n/10 ## tillit            0.1558722 -0.04115814 -0.09849861  0.13
91190  1.00000000[] 
 []

Package color Info: Redefining color shadecolor on input line 652.
<figure/unnamed-chunk-20-1.pdf, id=83, 505.89pt x 505.89pt>
File: figure/unnamed-chunk-20-1.pdf Graphic file (type pdf)
<use figure/unnamed-chunk-20-1.pdf>
Package pdftex.def Info: figure/unnamed-chunk-20-1.pdf  used on input line 658.

(pdftex.def)             Requested size: 388.87898pt x 388.88808pt.
[14 <./figure/unnamed-chunk-20-1.pdf>]
<figure/unnamed-chunk-20-2.pdf, id=92, 505.89pt x 505.89pt>
File: figure/unnamed-chunk-20-2.pdf Graphic file (type pdf)
<use figure/unnamed-chunk-20-2.pdf>
Package pdftex.def Info: figure/unnamed-chunk-20-2.pdf  used on input line 667.

(pdftex.def)             Requested size: 388.87898pt x 388.88808pt.
 [15 <./figure/unnamed-chunk-20-2.pdf>]
(./SEMINAR4.aux) ) 
Here is how much of TeX's memory you used:
 1851 strings out of 480608
 28207 string characters out of 5903630
 284562 words of memory out of 5000000
 17752 multiletter control sequences out of 15000+600000
 534828 words of font info for 34 fonts, out of 8000000 for 9000
 1141 hyphenation exceptions out of 8191
 30i,6n,25p,615b,390s stack positions out of 5000i,500n,10000p,200000b,80000s
</usr/local/texlive/2020/texmf-dist/fonts/type1/public/amsfon
ts/cm/cmbx12.pfb></usr/local/texlive/2020/texmf-dist/fonts/type1/public/amsfont
s/cm/cmitt10.pfb></usr/local/texlive/2020/texmf-dist/fonts/type1/public/amsfont
s/cm/cmr12.pfb></usr/local/texlive/2020/texmf-dist/fonts/type1/public/amsfonts/
cm/cmr17.pfb></usr/local/texlive/2020/texmf-dist/fonts/type1/public/amsfonts/cm
/cmtt10.pfb></usr/local/texlive/2020/texmf-dist/fonts/type1/public/amsfonts/cm/
cmtt12.pfb>
Output written on SEMINAR4.pdf (15 pages, 331825 bytes).
PDF statistics:
 122 PDF objects out of 1000 (max. 8388607)
 84 compressed objects within 1 object stream
 0 named destinations out of 1000 (max. 500000)
 36 words of extra memory for PDF output out of 10000 (max. 10000000)

